2025-08-08 16:34:05 ID=Created a socket
2025-08-08 16:34:05 ID=0x200 DATA=00 00 00 00 00 00 00 00
2025-08-08 16:34:05 ID=0x200 DATA=00 00 00 00 00 00 00 00
2025-08-08 16:34:06 ID=0x200 DATA=00 00 00 00 00 00 00 00
2025-08-08 16:34:06 ID=0x200 DATA=00 00 00 00 00 00 00 00
2025-08-08 16:34:07 ID=0x200 DATA=00 00 00 00 00 00 00 00
2025-08-08 16:34:07 ID=0x200 DATA=00 00 00 00 00 00 00 00
2025-08-08 16:34:08 ID=0x200 DATA=00 00 00 00 00 00 00 00
2025-08-08 16:34:08 ID=0x200 DATA=00 00 00 00 00 00 00 00
2025-08-08 16:34:09 ID=0x200 DATA=00 00 00 00 00 00 00 00
2025-08-08 16:34:09 ID=0x200 DATA=00 00 00 00 00 00 00 00
2025-08-08 16:34:10 ID=0x200 DATA=00 00 00 00 00 00 00 00
2025-08-08 16:34:10 ID=0x200 DATA=00 00 00 00 00 00 00 00
2025-08-08 16:34:11 ID=0x200 DATA=00 00 00 00 00 00 00 00
2025-08-08 16:34:11 ID=0x200 DATA=00 00 00 00 00 00 00 00
2025-08-08 16:34:12 ID=0x200 DATA=00 00 00 00 00 00 00 00
2025-08-08 16:34:12 ID=0x200 DATA=00 00 00 00 00 00 00 00
2025-08-08 16:34:13 ID=0x200 DATA=00 00 00 00 00 00 00 00
2025-08-08 16:34:13 ID=0x200 DATA=00 00 00 00 00 00 00 00
2025-08-08 16:34:14 ID=0x200 DATA=00 00 00 00 00 00 00 00
2025-08-08 16:34:14 ID=0x200 DATA=00 00 00 00 00 00 00 00
2025-08-08 16:34:15 ID=0x200 DATA=00 00 00 00 00 00 00 00
2025-08-08 16:34:15 ID=0x200 DATA=00 00 00 00 00 00 00 00
2025-08-08 16:34:16 ID=0x200 DATA=00 00 00 00 00 00 00 00
2025-08-08 16:34:16 ID=0x200 DATA=00 00 00 00 00 00 00 00
2025-08-08 16:34:17 ID=0x200 DATA=00 00 00 00 00 00 00 00
2025-08-08 16:34:17 ID=0x200 DATA=00 00 00 00 00 00 00 00
2025-08-08 16:34:18 ID=0x200 DATA=00 00 00 00 00 00 00 00
2025-08-08 16:34:18 ID=0x200 DATA=00 00 00 00 00 00 00 00
2025-08-08 16:34:19 ID=0x200 DATA=00 00 00 00 00 00 00 00
2025-08-08 16:34:19 ID=0x200 DATA=00 00 00 00 00 00 00 00
2025-08-08 16:34:20 ID=0x200 DATA=00 00 00 00 00 00 00 00
2025-08-08 16:34:20 ID=0x200 DATA=00 00 00 00 00 00 00 00
2025-08-08 16:34:21 ID=0x200 DATA=00 00 00 00 00 00 00 00
2025-08-08 16:34:21 ID=0x200 DATA=00 00 00 00 00 00 00 00
2025-08-08 16:34:22 ID=0x200 DATA=00 00 00 00 00 00 00 00
2025-08-08 16:34:22 ID=0x200 DATA=00 00 00 00 00 00 00 00
2025-08-08 16:34:23 ID=0x200 DATA=00 00 00 00 00 00 00 00
2025-08-08 16:34:23 ID=0x200 DATA=00 00 00 00 00 00 00 00
2025-08-08 16:34:24 ID=0x200 DATA=00 00 00 00 00 00 00 00
2025-08-08 16:34:24 ID=0x200 DATA=00 00 00 00 00 00 00 00
2025-08-08 16:34:25 ID=0x200 DATA=00 00 00 00 00 00 00 00
2025-08-08 16:34:25 ID=0x200 DATA=00 00 00 00 00 00 00 00
2025-08-08 16:34:26 ID=0x200 DATA=00 00 00 00 00 00 00 00
2025-08-08 16:34:26 ID=0x200 DATA=00 00 00 00 00 00 00 00
2025-08-08 16:34:27 ID=0x200 DATA=00 00 00 00 00 00 00 00
2025-08-08 16:34:27 ID=0x200 DATA=00 00 00 00 00 00 00 00
2025-08-08 16:34:28 ID=0x200 DATA=00 00 00 00 00 00 00 00
2025-08-08 16:34:28 ID=0x200 DATA=00 00 00 00 00 00 00 00
2025-08-08 16:34:29 ID=0x200 DATA=00 00 00 00 00 00 00 00
2025-08-08 16:34:29 ID=0x200 DATA=00 00 00 00 00 00 00 00
2025-08-08 16:34:30 ID=0x200 DATA=00 00 00 00 00 00 00 00
2025-08-08 16:34:30 ID=0x200 DATA=00 00 00 00 00 00 00 00
2025-08-08 16:34:31 ID=0x200 DATA=00 00 00 00 00 00 00 00
2025-08-08 16:34:31 ID=0x200 DATA=00 00 00 00 00 00 00 00
2025-08-08 16:34:32 ID=0x200 DATA=00 00 00 00 00 00 00 00
2025-08-08 16:34:32 ID=0x200 DATA=00 00 00 00 00 00 00 00
2025-08-08 16:34:33 ID=0x200 DATA=00 00 00 00 00 00 00 00
2025-08-08 16:34:33 ID=0x200 DATA=00 00 00 00 00 00 00 00
2025-08-08 16:34:34 ID=0x200 DATA=00 00 00 00 00 00 00 00
2025-08-08 16:34:34 ID=0x200 DATA=00 00 00 00 00 00 00 00
2025-08-08 16:34:35 ID=0x200 DATA=00 00 00 00 00 00 00 00
2025-08-08 16:34:35 ID=0x200 DATA=00 00 00 00 00 00 00 00
2025-08-08 16:34:36 ID=0x200 DATA=00 00 00 00 00 00 00 00
2025-08-08 16:34:36 ID=0x200 DATA=00 00 00 00 00 00 00 00
2025-08-08 16:34:37 ID=0x200 DATA=00 00 00 00 00 00 00 00
2025-08-08 16:34:37 ID=0x200 DATA=00 00 00 00 00 00 00 00
2025-08-08 16:34:38 ID=0x200 DATA=00 00 00 00 00 00 00 00
2025-08-08 16:34:38 ID=0x200 DATA=00 00 00 00 00 00 00 00
2025-08-08 16:34:39 ID=0x200 DATA=00 00 00 00 00 00 00 00
2025-08-08 16:34:39 ID=0x200 DATA=00 00 00 00 00 00 00 00
2025-08-08 16:34:40 ID=0x200 DATA=00 00 00 00 00 00 00 00
2025-08-08 16:34:40 ID=0x200 DATA=00 00 00 00 00 00 00 00
2025-08-08 16:34:41 ID=0x200 DATA=00 00 00 00 00 00 00 00
2025-08-08 16:34:41 ID=0x200 DATA=00 00 00 00 00 00 00 00
2025-08-08 16:34:42 ID=0x200 DATA=00 00 00 00 00 00 00 00
2025-08-08 16:34:42 ID=0x200 DATA=00 00 00 00 00 00 00 00
2025-08-08 16:41:40 ID=Created a socket
2025-08-08 16:41:40 ID=0x200 DATA=00 00 00 00 00 00 00 00
2025-08-08 16:41:40 ID=0x200 DATA=00 00 00 00 00 00 00 00
2025-08-08 16:41:41 ID=0x200 DATA=00 00 00 00 00 00 00 00
2025-08-08 16:41:41 ID=0x200 DATA=00 00 00 00 00 00 00 00
2025-08-08 16:41:42 ID=0x200 DATA=00 00 00 00 00 00 00 00
2025-08-08 16:41:42 ID=0x200 DATA=00 00 00 00 00 00 00 00
2025-08-08 16:41:43 ID=0x200 DATA=00 00 00 00 00 00 00 00
2025-08-08 16:41:43 ID=0x200 DATA=00 00 00 00 00 00 00 00
2025-08-08 16:41:44 ID=0x200 DATA=00 00 00 00 00 00 00 00
2025-08-08 16:41:44 ID=0x200 DATA=00 00 00 00 00 00 00 00
2025-08-08 16:41:45 ID=0x200 DATA=00 00 00 00 00 00 00 00
2025-08-08 16:41:45 ID=0x200 DATA=00 00 00 00 00 00 00 00
2025-08-08 16:41:46 ID=0x200 DATA=00 00 00 00 00 00 00 00
2025-08-08 16:41:46 ID=0x200 DATA=00 00 00 00 00 00 00 00
2025-08-08 16:41:47 ID=0x200 DATA=00 00 00 00 00 00 00 00
2025-08-08 16:41:47 ID=0x200 DATA=00 00 00 00 00 00 00 00
2025-08-08 16:41:48 ID=0x200 DATA=00 00 00 00 00 00 00 00
2025-08-08 16:41:48 ID=0x200 DATA=00 00 00 00 00 00 00 00
2025-08-08 16:41:49 ID=0x200 DATA=00 00 00 00 00 00 00 00
2025-08-08 16:41:49 ID=0x200 DATA=00 00 00 00 00 00 00 00
2025-08-08 16:41:50 ID=0x200 DATA=00 00 00 00 00 00 00 00
2025-08-08 16:41:50 ID=0x200 DATA=00 00 00 00 00 00 00 00
2025-08-08 16:41:51 ID=0x200 DATA=00 00 00 00 00 00 00 00
2025-08-08 16:41:51 ID=0x200 DATA=00 00 00 00 00 00 00 00
2025-08-08 16:41:52 ID=0x200 DATA=00 00 00 00 00 00 00 00
2025-08-08 16:41:52 ID=0x200 DATA=00 00 00 00 00 00 00 00
2025-08-08 16:41:53 ID=0x200 DATA=00 00 00 00 00 00 00 00
2025-08-08 16:41:53 ID=0x200 DATA=00 00 00 00 00 00 00 00
2025-08-08 16:41:54 ID=0x200 DATA=00 00 00 00 00 00 00 00
2025-08-08 16:41:54 ID=0x200 DATA=00 00 00 00 00 00 00 00
2025-08-08 16:41:55 ID=0x200 DATA=00 00 00 00 00 00 00 00
2025-08-08 16:41:55 ID=0x200 DATA=00 00 00 00 00 00 00 00
2025-08-08 16:41:56 ID=0x200 DATA=00 00 00 00 00 00 00 00
2025-08-08 16:41:56 ID=0x200 DATA=00 00 00 00 00 00 00 00
2025-08-08 16:41:57 ID=0x200 DATA=00 00 00 00 00 00 00 00
2025-08-08 16:41:57 ID=0x200 DATA=00 00 00 00 00 00 00 00
2025-08-08 16:41:58 ID=0x200 DATA=00 00 00 00 00 00 00 00
2025-08-08 16:41:58 ID=0x200 DATA=00 00 00 00 00 00 00 00
2025-08-08 16:41:59 ID=0x200 DATA=00 00 00 00 00 00 00 00
2025-08-08 16:41:59 ID=0x200 DATA=00 00 00 00 00 00 00 00
2025-08-08 16:42:00 ID=0x200 DATA=00 00 00 00 00 00 00 00
2025-08-08 16:42:00 ID=0x200 DATA=00 00 00 00 00 00 00 00
2025-08-08 16:42:01 ID=0x200 DATA=00 00 00 00 00 00 00 00
2025-08-08 16:42:01 ID=0x200 DATA=00 00 00 00 00 00 00 00
2025-08-08 16:42:02 ID=0x200 DATA=00 00 00 00 00 00 00 00
2025-08-08 16:42:02 ID=0x200 DATA=00 00 00 00 00 00 00 00
2025-08-08 16:42:03 ID=0x200 DATA=00 00 00 00 00 00 00 00
2025-08-08 16:42:03 ID=0x200 DATA=00 00 00 00 00 00 00 00
2025-08-08 16:42:04 ID=0x200 DATA=00 00 00 00 00 00 00 00
2025-08-08 16:42:04 ID=0x200 DATA=00 00 00 00 00 00 00 00
2025-08-08 16:42:05 ID=0x200 DATA=00 00 00 00 00 00 00 00
2025-08-08 16:42:05 ID=0x200 DATA=00 00 00 00 00 00 00 00
2025-08-08 16:42:06 ID=0x200 DATA=00 00 00 00 00 00 00 00
2025-08-08 16:42:06 ID=0x200 DATA=00 00 00 00 00 00 00 00
2025-08-08 16:42:07 ID=0x200 DATA=00 00 00 00 00 00 00 00
2025-08-08 16:42:07 ID=0x200 DATA=00 00 00 00 00 00 00 00
2025-08-08 16:42:08 ID=0x200 DATA=00 00 00 00 00 00 00 00
2025-08-08 16:42:08 ID=0x200 DATA=00 00 00 00 00 00 00 00
2025-08-08 16:42:09 ID=0x200 DATA=00 00 00 00 00 00 00 00
2025-08-08 16:42:09 ID=0x200 DATA=00 00 00 00 00 00 00 00
2025-08-08 16:42:10 ID=0x200 DATA=00 00 00 00 00 00 00 00
2025-08-08 16:42:10 ID=0x200 DATA=00 00 00 00 00 00 00 00
2025-08-08 16:42:11 ID=0x200 DATA=00 00 00 00 00 00 00 00
2025-08-08 16:42:11 ID=0x200 DATA=00 00 00 00 00 00 00 00
2025-08-08 16:42:12 ID=0x200 DATA=00 00 00 00 00 00 00 00
2025-08-08 16:42:12 ID=0x200 DATA=00 00 00 00 00 00 00 00
2025-08-08 16:42:13 ID=0x200 DATA=00 00 00 00 00 00 00 00
2025-08-08 16:42:13 ID=0x200 DATA=00 00 00 00 00 00 00 00
2025-08-08 16:42:14 ID=0x200 DATA=00 00 00 00 00 00 00 00
2025-08-08 16:42:14 ID=0x200 DATA=00 00 00 00 00 00 00 00
2025-08-08 16:42:15 ID=0x200 DATA=00 00 00 00 00 00 00 00
2025-08-08 16:42:15 ID=0x200 DATA=00 00 00 00 00 00 00 00
2025-08-08 16:42:16 ID=0x200 DATA=00 00 00 00 00 00 00 00
2025-08-08 16:42:16 ID=0x200 DATA=00 00 00 00 00 00 00 00
2025-08-08 16:42:17 ID=0x200 DATA=00 00 00 00 00 00 00 00
2025-08-08 16:42:17 ID=0x200 DATA=00 00 00 00 00 00 00 00
2025-08-08 16:42:18 ID=0x200 DATA=00 00 00 00 00 00 00 00
2025-08-08 16:42:18 ID=0x200 DATA=00 00 00 00 00 00 00 00
2025-08-08 16:42:19 ID=0x200 DATA=00 00 00 00 00 00 00 00
2025-08-08 16:42:19 ID=0x200 DATA=00 00 00 00 00 00 00 00
2025-08-08 16:42:20 ID=0x200 DATA=00 00 00 00 00 00 00 00
2025-08-08 16:42:20 ID=0x200 DATA=00 00 00 00 00 00 00 00
2025-08-08 16:42:21 ID=0x200 DATA=00 00 00 00 00 00 00 00
2025-08-08 16:42:21 ID=0x200 DATA=00 00 00 00 00 00 00 00
2025-08-08 16:42:22 ID=0x200 DATA=00 00 00 00 00 00 00 00
2025-08-08 16:42:22 ID=0x200 DATA=00 00 00 00 00 00 00 00
2025-08-08 16:42:23 ID=0x200 DATA=00 00 00 00 00 00 00 00
2025-08-08 16:42:23 ID=0x200 DATA=00 00 00 00 00 00 00 00
2025-08-08 16:42:24 ID=0x200 DATA=00 00 00 00 00 00 00 00
2025-08-08 16:42:24 ID=0x200 DATA=00 00 00 00 00 00 00 00
2025-08-08 16:42:25 ID=0x200 DATA=00 00 00 00 00 00 00 00
2025-08-08 16:42:25 ID=0x200 DATA=00 00 00 00 00 00 00 00
2025-08-08 16:42:26 ID=0x200 DATA=00 00 00 00 00 00 00 00
2025-08-08 16:42:26 ID=0x200 DATA=00 00 00 00 00 00 00 00
