2025-08-08 16:51:43 ID=Created a socket
2025-08-08 16:51:43 ID=0x18d DATA=01 23 45 67 89 AB CD EF
2025-08-08 16:51:43 ID=0x8d DATA=DE AD BE EF 01 02 03 04
2025-08-08 16:51:44 ID=0x1a DATA=AA BB CC DD 10 20 30 40
2025-08-08 16:51:44 ID=0x1a DATA=AA BB CC DD 10 20 30 40
2025-08-08 16:51:44 ID=0x83 DATA=11 22 33 44 55 66 77 88
2025-08-08 16:51:44 ID=0x146 DATA=99 88 77 66 55 44 33 22
2025-08-08 16:51:44 ID=0x8d DATA=DE AD BE EF 01 02 03 04
2025-08-08 16:51:44 ID=0x24 DATA=F0 0F F0 0F AA BB CC DD
2025-08-08 16:51:44 ID=0x18d DATA=01 23 45 67 89 AB CD EF
2025-08-08 16:51:44 ID=0x8d DATA=DE AD BE EF 01 02 03 04
2025-08-08 16:51:44 ID=0x83 DATA=11 22 33 44 55 66 77 88
2025-08-08 16:51:45 ID=0x8d DATA=DE AD BE EF 01 02 03 04
2025-08-08 16:51:45 ID=0x146 DATA=99 88 77 66 55 44 33 22
2025-08-08 16:51:45 ID=0x8d DATA=DE AD BE EF 01 02 03 04
2025-08-08 16:51:45 ID=0x8d DATA=DE AD BE EF 01 02 03 04
2025-08-08 16:51:45 ID=0x83 DATA=11 22 33 44 55 66 77 88
2025-08-08 16:51:45 ID=0x83 DATA=11 22 33 44 55 66 77 88
2025-08-08 16:51:45 ID=0x83 DATA=11 22 33 44 55 66 77 88
2025-08-08 16:51:45 ID=0x8d DATA=DE AD BE EF 01 02 03 04
2025-08-08 16:51:45 ID=0x8d DATA=DE AD BE EF 01 02 03 04
2025-08-08 16:51:45 ID=0x8d DATA=DE AD BE EF 01 02 03 04
2025-08-08 16:51:46 ID=0x24 DATA=F0 0F F0 0F AA BB CC DD
2025-08-08 16:51:46 ID=0x1a DATA=AA BB CC DD 10 20 30 40
2025-08-08 16:51:46 ID=0x8d DATA=DE AD BE EF 01 02 03 04
2025-08-08 16:51:46 ID=0x18d DATA=01 23 45 67 89 AB CD EF
2025-08-08 16:51:46 ID=0x8d DATA=DE AD BE EF 01 02 03 04
2025-08-08 16:51:46 ID=0x146 DATA=99 88 77 66 55 44 33 22
2025-08-08 16:51:46 ID=0x24 DATA=F0 0F F0 0F AA BB CC DD
2025-08-08 16:51:46 ID=0x24 DATA=F0 0F F0 0F AA BB CC DD
2025-08-08 16:51:46 ID=0x83 DATA=11 22 33 44 55 66 77 88
2025-08-08 16:51:46 ID=0x18d DATA=01 23 45 67 89 AB CD EF
2025-08-08 16:51:47 ID=0x8d DATA=DE AD BE EF 01 02 03 04
2025-08-08 16:51:47 ID=0x83 DATA=11 22 33 44 55 66 77 88
2025-08-08 16:51:47 ID=0x24 DATA=F0 0F F0 0F AA BB CC DD
2025-08-08 16:51:47 ID=0x18d DATA=01 23 45 67 89 AB CD EF
2025-08-08 16:51:47 ID=0x1a DATA=AA BB CC DD 10 20 30 40
2025-08-08 16:51:47 ID=0x1a DATA=AA BB CC DD 10 20 30 40
2025-08-08 16:51:47 ID=0x83 DATA=11 22 33 44 55 66 77 88
2025-08-08 16:51:47 ID=0x146 DATA=99 88 77 66 55 44 33 22
2025-08-08 16:51:47 ID=0x24 DATA=F0 0F F0 0F AA BB CC DD
2025-08-08 16:51:47 ID=0x8d DATA=DE AD BE EF 01 02 03 04
2025-08-08 16:51:48 ID=0x83 DATA=11 22 33 44 55 66 77 88
2025-08-08 16:51:48 ID=0x83 DATA=11 22 33 44 55 66 77 88
2025-08-08 16:51:48 ID=0x24 DATA=F0 0F F0 0F AA BB CC DD
2025-08-08 16:51:48 ID=0x8d DATA=DE AD BE EF 01 02 03 04
2025-08-08 16:51:48 ID=0x8d DATA=DE AD BE EF 01 02 03 04
2025-08-08 16:51:48 ID=0x146 DATA=99 88 77 66 55 44 33 22
2025-08-08 16:51:48 ID=0x1a DATA=AA BB CC DD 10 20 30 40
2025-08-08 16:51:48 ID=0x146 DATA=99 88 77 66 55 44 33 22
2025-08-08 16:51:48 ID=0x146 DATA=99 88 77 66 55 44 33 22
2025-08-08 16:51:48 ID=0x83 DATA=11 22 33 44 55 66 77 88
2025-08-08 16:51:49 ID=0x24 DATA=F0 0F F0 0F AA BB CC DD
2025-08-08 16:51:49 ID=0x146 DATA=99 88 77 66 55 44 33 22
2025-08-08 16:51:49 ID=0x8d DATA=DE AD BE EF 01 02 03 04
2025-08-08 16:51:49 ID=0x24 DATA=F0 0F F0 0F AA BB CC DD
2025-08-08 16:51:49 ID=0x24 DATA=F0 0F F0 0F AA BB CC DD
2025-08-08 16:51:49 ID=0x146 DATA=99 88 77 66 55 44 33 22
2025-08-08 16:51:49 ID=0x18d DATA=01 23 45 67 89 AB CD EF
2025-08-08 16:51:49 ID=0x18d DATA=01 23 45 67 89 AB CD EF
2025-08-08 16:51:49 ID=0x146 DATA=99 88 77 66 55 44 33 22
2025-08-08 16:51:49 ID=0x18d DATA=01 23 45 67 89 AB CD EF
2025-08-08 16:51:50 ID=0x8d DATA=DE AD BE EF 01 02 03 04
2025-08-08 16:51:50 ID=0x83 DATA=11 22 33 44 55 66 77 88
2025-08-08 16:51:50 ID=0x8d DATA=DE AD BE EF 01 02 03 04
2025-08-08 16:51:50 ID=0x146 DATA=99 88 77 66 55 44 33 22
2025-08-08 16:51:50 ID=0x8d DATA=DE AD BE EF 01 02 03 04
2025-08-08 16:51:50 ID=0x146 DATA=99 88 77 66 55 44 33 22
2025-08-08 16:51:50 ID=0x8d DATA=DE AD BE EF 01 02 03 04
2025-08-08 16:51:50 ID=0x83 DATA=11 22 33 44 55 66 77 88
2025-08-08 16:51:50 ID=0x8d DATA=DE AD BE EF 01 02 03 04
2025-08-08 16:51:50 ID=0x83 DATA=11 22 33 44 55 66 77 88
2025-08-08 16:51:51 ID=0x18d DATA=01 23 45 67 89 AB CD EF
2025-08-08 16:51:51 ID=0x8d DATA=DE AD BE EF 01 02 03 04
2025-08-08 16:51:51 ID=0x146 DATA=99 88 77 66 55 44 33 22
2025-08-08 16:51:51 ID=0x8d DATA=DE AD BE EF 01 02 03 04
2025-08-08 16:51:51 ID=0x146 DATA=99 88 77 66 55 44 33 22
2025-08-08 16:51:51 ID=0x18d DATA=01 23 45 67 89 AB CD EF
2025-08-08 16:51:51 ID=0x24 DATA=F0 0F F0 0F AA BB CC DD
2025-08-08 16:51:51 ID=0x24 DATA=F0 0F F0 0F AA BB CC DD
2025-08-08 16:51:51 ID=0x8d DATA=DE AD BE EF 01 02 03 04
2025-08-08 16:51:51 ID=0x83 DATA=11 22 33 44 55 66 77 88
2025-08-08 16:51:52 ID=0x83 DATA=11 22 33 44 55 66 77 88
2025-08-08 16:51:52 ID=0x8d DATA=DE AD BE EF 01 02 03 04
2025-08-08 16:51:52 ID=0x1a DATA=AA BB CC DD 10 20 30 40
2025-08-08 16:51:52 ID=0x8d DATA=DE AD BE EF 01 02 03 04
2025-08-08 16:51:52 ID=0x8d DATA=DE AD BE EF 01 02 03 04
2025-08-08 16:51:52 ID=0x146 DATA=99 88 77 66 55 44 33 22
2025-08-08 16:51:52 ID=0x24 DATA=F0 0F F0 0F AA BB CC DD
2025-08-08 16:51:52 ID=0x8d DATA=DE AD BE EF 01 02 03 04
2025-08-08 16:51:52 ID=0x146 DATA=99 88 77 66 55 44 33 22
2025-08-08 16:51:53 ID=0x24 DATA=F0 0F F0 0F AA BB CC DD
2025-08-08 16:51:53 ID=0x24 DATA=F0 0F F0 0F AA BB CC DD
2025-08-08 16:51:53 ID=0x18d DATA=01 23 45 67 89 AB CD EF
2025-08-08 16:51:53 ID=0x146 DATA=99 88 77 66 55 44 33 22
2025-08-08 16:51:53 ID=0x8d DATA=DE AD BE EF 01 02 03 04
2025-08-08 16:51:53 ID=0x8d DATA=DE AD BE EF 01 02 03 04
2025-08-08 16:51:53 ID=0x83 DATA=11 22 33 44 55 66 77 88
2025-08-08 16:51:53 ID=0x83 DATA=11 22 33 44 55 66 77 88
2025-08-08 16:51:53 ID=0x1a DATA=AA BB CC DD 10 20 30 40
2025-08-08 16:51:53 ID=0x18d DATA=01 23 45 67 89 AB CD EF
2025-08-08 16:51:54 ID=0x8d DATA=DE AD BE EF 01 02 03 04
2025-08-08 16:51:54 ID=0x146 DATA=99 88 77 66 55 44 33 22
2025-08-08 16:51:54 ID=0x1a DATA=AA BB CC DD 10 20 30 40
2025-08-08 16:51:54 ID=0x1a DATA=AA BB CC DD 10 20 30 40
2025-08-08 16:51:54 ID=0x24 DATA=F0 0F F0 0F AA BB CC DD
2025-08-08 16:51:54 ID=0x83 DATA=11 22 33 44 55 66 77 88
2025-08-08 16:51:54 ID=0x8d DATA=DE AD BE EF 01 02 03 04
2025-08-08 16:51:54 ID=0x1a DATA=AA BB CC DD 10 20 30 40
2025-08-08 16:51:54 ID=0x1a DATA=AA BB CC DD 10 20 30 40
2025-08-08 16:51:54 ID=0x83 DATA=11 22 33 44 55 66 77 88
2025-08-08 16:51:55 ID=0x1a DATA=AA BB CC DD 10 20 30 40
2025-08-08 16:51:55 ID=0x1a DATA=AA BB CC DD 10 20 30 40
2025-08-08 16:51:55 ID=0x24 DATA=F0 0F F0 0F AA BB CC DD
2025-08-08 16:51:55 ID=0x1a DATA=AA BB CC DD 10 20 30 40
2025-08-08 16:51:55 ID=0x146 DATA=99 88 77 66 55 44 33 22
2025-08-08 16:51:55 ID=0x8d DATA=DE AD BE EF 01 02 03 04
2025-08-08 16:51:55 ID=0x146 DATA=99 88 77 66 55 44 33 22
2025-08-08 16:51:55 ID=0x18d DATA=01 23 45 67 89 AB CD EF
2025-08-08 16:51:55 ID=0x83 DATA=11 22 33 44 55 66 77 88
2025-08-08 16:51:55 ID=0x1a DATA=AA BB CC DD 10 20 30 40
2025-08-08 16:51:56 ID=0x18d DATA=01 23 45 67 89 AB CD EF
2025-08-08 16:51:56 ID=0x24 DATA=F0 0F F0 0F AA BB CC DD
2025-08-08 16:51:56 ID=0x18d DATA=01 23 45 67 89 AB CD EF
2025-08-08 16:51:56 ID=0x146 DATA=99 88 77 66 55 44 33 22
2025-08-08 16:51:56 ID=0x18d DATA=01 23 45 67 89 AB CD EF
2025-08-08 16:51:56 ID=0x1a DATA=AA BB CC DD 10 20 30 40
2025-08-08 16:51:56 ID=0x1a DATA=AA BB CC DD 10 20 30 40
2025-08-08 16:51:56 ID=0x1a DATA=AA BB CC DD 10 20 30 40
2025-08-08 16:51:56 ID=0x146 DATA=99 88 77 66 55 44 33 22
2025-08-08 16:51:56 ID=0x1a DATA=AA BB CC DD 10 20 30 40
2025-08-08 16:51:57 ID=0x83 DATA=11 22 33 44 55 66 77 88
2025-08-08 16:51:57 ID=0x18d DATA=01 23 45 67 89 AB CD EF
2025-08-08 16:51:57 ID=0x1a DATA=AA BB CC DD 10 20 30 40
2025-08-08 16:51:57 ID=0x146 DATA=99 88 77 66 55 44 33 22
2025-08-08 16:51:57 ID=0x8d DATA=DE AD BE EF 01 02 03 04
2025-08-08 16:51:57 ID=0x1a DATA=AA BB CC DD 10 20 30 40
2025-08-08 16:51:57 ID=0x18d DATA=01 23 45 67 89 AB CD EF
2025-08-08 16:51:57 ID=0x8d DATA=DE AD BE EF 01 02 03 04
2025-08-08 16:51:57 ID=0x24 DATA=F0 0F F0 0F AA BB CC DD
2025-08-08 16:51:57 ID=0x1a DATA=AA BB CC DD 10 20 30 40
2025-08-08 16:51:58 ID=0x8d DATA=DE AD BE EF 01 02 03 04
2025-08-08 16:51:58 ID=0x8d DATA=DE AD BE EF 01 02 03 04
2025-08-08 16:51:58 ID=0x1a DATA=AA BB CC DD 10 20 30 40
2025-08-08 16:51:58 ID=0x18d DATA=01 23 45 67 89 AB CD EF
2025-08-08 16:51:58 ID=0x18d DATA=01 23 45 67 89 AB CD EF
2025-08-08 16:51:58 ID=0x83 DATA=11 22 33 44 55 66 77 88
2025-08-08 16:51:58 ID=0x146 DATA=99 88 77 66 55 44 33 22
2025-08-08 16:51:58 ID=0x24 DATA=F0 0F F0 0F AA BB CC DD
2025-08-08 16:51:58 ID=0x24 DATA=F0 0F F0 0F AA BB CC DD
2025-08-08 16:51:58 ID=0x8d DATA=DE AD BE EF 01 02 03 04
2025-08-08 16:51:59 ID=0x83 DATA=11 22 33 44 55 66 77 88
2025-08-08 16:51:59 ID=0x18d DATA=01 23 45 67 89 AB CD EF
2025-08-08 16:51:59 ID=0x146 DATA=99 88 77 66 55 44 33 22
2025-08-08 16:51:59 ID=0x83 DATA=11 22 33 44 55 66 77 88
2025-08-08 16:51:59 ID=0x146 DATA=99 88 77 66 55 44 33 22
2025-08-08 16:51:59 ID=0x83 DATA=11 22 33 44 55 66 77 88
2025-08-08 16:51:59 ID=0x83 DATA=11 22 33 44 55 66 77 88
2025-08-08 16:51:59 ID=0x146 DATA=99 88 77 66 55 44 33 22
2025-08-08 16:51:59 ID=0x1a DATA=AA BB CC DD 10 20 30 40
2025-08-08 16:52:00 ID=0x24 DATA=F0 0F F0 0F AA BB CC DD
2025-08-08 16:52:00 ID=0x146 DATA=99 88 77 66 55 44 33 22
2025-08-08 16:52:00 ID=0x83 DATA=11 22 33 44 55 66 77 88
2025-08-08 16:52:00 ID=0x8d DATA=DE AD BE EF 01 02 03 04
2025-08-08 16:52:00 ID=0x146 DATA=99 88 77 66 55 44 33 22
2025-08-08 16:52:00 ID=0x18d DATA=01 23 45 67 89 AB CD EF
2025-08-08 16:52:00 ID=0x1a DATA=AA BB CC DD 10 20 30 40
2025-08-08 16:52:00 ID=0x1a DATA=AA BB CC DD 10 20 30 40
2025-08-08 16:52:00 ID=0x8d DATA=DE AD BE EF 01 02 03 04
2025-08-08 16:52:00 ID=0x83 DATA=11 22 33 44 55 66 77 88
2025-08-08 16:52:01 ID=0x146 DATA=99 88 77 66 55 44 33 22
2025-08-08 16:52:01 ID=0x146 DATA=99 88 77 66 55 44 33 22
2025-08-08 16:52:01 ID=0x24 DATA=F0 0F F0 0F AA BB CC DD
2025-08-08 16:52:01 ID=0x24 DATA=F0 0F F0 0F AA BB CC DD
2025-08-08 16:52:01 ID=0x1a DATA=AA BB CC DD 10 20 30 40
2025-08-08 16:52:01 ID=0x8d DATA=DE AD BE EF 01 02 03 04
2025-08-08 16:52:01 ID=0x83 DATA=11 22 33 44 55 66 77 88
2025-08-08 16:52:01 ID=0x18d DATA=01 23 45 67 89 AB CD EF
2025-08-08 16:52:01 ID=0x146 DATA=99 88 77 66 55 44 33 22
2025-08-08 16:52:01 ID=0x1a DATA=AA BB CC DD 10 20 30 40
2025-08-08 16:52:02 ID=0x146 DATA=99 88 77 66 55 44 33 22
2025-08-08 16:52:02 ID=0x8d DATA=DE AD BE EF 01 02 03 04
2025-08-08 16:52:02 ID=0x83 DATA=11 22 33 44 55 66 77 88
2025-08-08 16:52:02 ID=0x8d DATA=DE AD BE EF 01 02 03 04
2025-08-08 16:52:02 ID=0x24 DATA=F0 0F F0 0F AA BB CC DD
2025-08-08 16:52:02 ID=0x1a DATA=AA BB CC DD 10 20 30 40
2025-08-08 16:52:02 ID=0x83 DATA=11 22 33 44 55 66 77 88
2025-08-08 16:52:02 ID=0x24 DATA=F0 0F F0 0F AA BB CC DD
2025-08-08 16:52:02 ID=0x24 DATA=F0 0F F0 0F AA BB CC DD
2025-08-08 16:52:02 ID=0x1a DATA=AA BB CC DD 10 20 30 40
2025-08-08 16:52:03 ID=0x1a DATA=AA BB CC DD 10 20 30 40
2025-08-08 16:52:03 ID=0x1a DATA=AA BB CC DD 10 20 30 40
2025-08-08 16:52:03 ID=0x146 DATA=99 88 77 66 55 44 33 22
2025-08-08 16:52:03 ID=0x24 DATA=F0 0F F0 0F AA BB CC DD
2025-08-08 16:52:03 ID=0x8d DATA=DE AD BE EF 01 02 03 04
2025-08-08 16:52:03 ID=0x1a DATA=AA BB CC DD 10 20 30 40
2025-08-08 16:52:03 ID=0x83 DATA=11 22 33 44 55 66 77 88
2025-08-08 16:52:03 ID=0x146 DATA=99 88 77 66 55 44 33 22
2025-08-08 16:52:03 ID=0x1a DATA=AA BB CC DD 10 20 30 40
2025-08-08 16:52:03 ID=0x1a DATA=AA BB CC DD 10 20 30 40
2025-08-08 16:52:04 ID=0x146 DATA=99 88 77 66 55 44 33 22
2025-08-08 16:52:04 ID=0x18d DATA=01 23 45 67 89 AB CD EF
2025-08-08 16:52:04 ID=0x8d DATA=DE AD BE EF 01 02 03 04
2025-08-08 16:52:04 ID=0x1a DATA=AA BB CC DD 10 20 30 40
2025-08-08 16:52:04 ID=0x24 DATA=F0 0F F0 0F AA BB CC DD
2025-08-08 16:52:04 ID=0x83 DATA=11 22 33 44 55 66 77 88
2025-08-08 16:52:04 ID=0x24 DATA=F0 0F F0 0F AA BB CC DD
2025-08-08 16:52:04 ID=0x18d DATA=01 23 45 67 89 AB CD EF
2025-08-08 16:52:04 ID=0x18d DATA=01 23 45 67 89 AB CD EF
2025-08-08 16:52:04 ID=0x146 DATA=99 88 77 66 55 44 33 22
2025-08-08 16:52:05 ID=0x1a DATA=AA BB CC DD 10 20 30 40
2025-08-08 16:52:05 ID=0x146 DATA=99 88 77 66 55 44 33 22
2025-08-08 16:52:05 ID=0x1a DATA=AA BB CC DD 10 20 30 40
2025-08-08 16:52:05 ID=0x8d DATA=DE AD BE EF 01 02 03 04
2025-08-08 16:52:05 ID=0x8d DATA=DE AD BE EF 01 02 03 04
2025-08-08 16:52:05 ID=0x146 DATA=99 88 77 66 55 44 33 22
2025-08-08 16:52:05 ID=0x8d DATA=DE AD BE EF 01 02 03 04
2025-08-08 16:52:05 ID=0x18d DATA=01 23 45 67 89 AB CD EF
2025-08-08 16:52:05 ID=0x146 DATA=99 88 77 66 55 44 33 22
2025-08-08 16:52:05 ID=0x1a DATA=AA BB CC DD 10 20 30 40
2025-08-08 16:52:06 ID=0x146 DATA=99 88 77 66 55 44 33 22
2025-08-08 16:52:06 ID=0x18d DATA=01 23 45 67 89 AB CD EF
2025-08-08 16:52:06 ID=0x24 DATA=F0 0F F0 0F AA BB CC DD
2025-08-08 16:52:06 ID=0x18d DATA=01 23 45 67 89 AB CD EF
2025-08-08 16:52:06 ID=0x18d DATA=01 23 45 67 89 AB CD EF
2025-08-08 16:52:06 ID=0x18d DATA=01 23 45 67 89 AB CD EF
2025-08-08 16:52:06 ID=0x18d DATA=01 23 45 67 89 AB CD EF
2025-08-08 16:52:06 ID=0x1a DATA=AA BB CC DD 10 20 30 40
2025-08-08 16:52:06 ID=0x83 DATA=11 22 33 44 55 66 77 88
2025-08-08 16:52:07 ID=0x1a DATA=AA BB CC DD 10 20 30 40
2025-08-08 16:52:07 ID=0x24 DATA=F0 0F F0 0F AA BB CC DD
2025-08-08 16:53:48 ID=Created a socket
2025-08-08 16:53:48 ID=0x18d DATA=01 23 45 67 89 AB CD EF
2025-08-08 16:53:48 ID=0x8d DATA=DE AD BE EF 01 02 03 04
2025-08-08 16:53:48 ID=0x1a DATA=AA BB CC DD 10 20 30 40
2025-08-08 16:53:48 ID=0x24 DATA=F0 0F F0 0F AA BB CC DD
2025-08-08 16:53:49 ID=0x24 DATA=F0 0F F0 0F AA BB CC DD
2025-08-08 16:53:49 ID=0x146 DATA=99 88 77 66 55 44 33 22
2025-08-08 16:53:49 ID=0x83 DATA=11 22 33 44 55 66 77 88
2025-08-08 16:53:49 ID=0x83 DATA=11 22 33 44 55 66 77 88
2025-08-08 16:53:49 ID=0x1a DATA=AA BB CC DD 10 20 30 40
2025-08-08 16:53:49 ID=0x146 DATA=99 88 77 66 55 44 33 22
2025-08-08 16:53:49 ID=0x24 DATA=F0 0F F0 0F AA BB CC DD
2025-08-08 16:53:49 ID=0x18d DATA=01 23 45 67 89 AB CD EF
2025-08-08 16:53:49 ID=0x24 DATA=F0 0F F0 0F AA BB CC DD
2025-08-08 16:53:49 ID=0x146 DATA=99 88 77 66 55 44 33 22
2025-08-08 16:53:50 ID=0x18d DATA=01 23 45 67 89 AB CD EF
2025-08-08 16:53:50 ID=0x83 DATA=11 22 33 44 55 66 77 88
2025-08-08 16:53:50 ID=0x83 DATA=11 22 33 44 55 66 77 88
2025-08-08 16:53:50 ID=0x18d DATA=01 23 45 67 89 AB CD EF
2025-08-08 16:53:50 ID=0x8d DATA=DE AD BE EF 01 02 03 04
2025-08-08 16:53:50 ID=0x1a DATA=AA BB CC DD 10 20 30 40
2025-08-08 16:53:50 ID=0x8d DATA=DE AD BE EF 01 02 03 04
2025-08-08 16:53:50 ID=0x1a DATA=AA BB CC DD 10 20 30 40
2025-08-08 16:53:50 ID=0x83 DATA=11 22 33 44 55 66 77 88
2025-08-08 16:53:50 ID=0x146 DATA=99 88 77 66 55 44 33 22
2025-08-08 16:53:51 ID=0x24 DATA=F0 0F F0 0F AA BB CC DD
2025-08-08 16:53:51 ID=0x146 DATA=99 88 77 66 55 44 33 22
2025-08-08 16:53:51 ID=0x24 DATA=F0 0F F0 0F AA BB CC DD
2025-08-08 16:53:51 ID=0x24 DATA=F0 0F F0 0F AA BB CC DD
2025-08-08 16:53:51 ID=0x1a DATA=AA BB CC DD 10 20 30 40
2025-08-08 16:53:51 ID=0x83 DATA=11 22 33 44 55 66 77 88
2025-08-08 16:53:51 ID=0x24 DATA=F0 0F F0 0F AA BB CC DD
2025-08-08 16:53:51 ID=0x146 DATA=99 88 77 66 55 44 33 22
2025-08-08 16:53:51 ID=0x146 DATA=99 88 77 66 55 44 33 22
2025-08-08 16:53:51 ID=0x1a DATA=AA BB CC DD 10 20 30 40
2025-08-08 16:53:52 ID=0x1a DATA=AA BB CC DD 10 20 30 40
2025-08-08 16:53:52 ID=0x18d DATA=01 23 45 67 89 AB CD EF
2025-08-08 16:53:52 ID=0x83 DATA=11 22 33 44 55 66 77 88
2025-08-08 16:53:52 ID=0x1a DATA=AA BB CC DD 10 20 30 40
2025-08-08 16:53:52 ID=0x146 DATA=99 88 77 66 55 44 33 22
2025-08-08 16:53:52 ID=0x24 DATA=F0 0F F0 0F AA BB CC DD
2025-08-08 16:53:52 ID=0x146 DATA=99 88 77 66 55 44 33 22
2025-08-08 16:53:52 ID=0x18d DATA=01 23 45 67 89 AB CD EF
2025-08-08 16:53:52 ID=0x146 DATA=99 88 77 66 55 44 33 22
2025-08-08 16:53:53 ID=0x146 DATA=99 88 77 66 55 44 33 22
2025-08-08 16:53:53 ID=0x24 DATA=F0 0F F0 0F AA BB CC DD
2025-08-08 16:53:53 ID=0x24 DATA=F0 0F F0 0F AA BB CC DD
2025-08-08 16:53:53 ID=0x8d DATA=DE AD BE EF 01 02 03 04
2025-08-08 16:53:53 ID=0x1a DATA=AA BB CC DD 10 20 30 40
2025-08-08 16:53:53 ID=0x146 DATA=99 88 77 66 55 44 33 22
2025-08-08 16:53:53 ID=0x8d DATA=DE AD BE EF 01 02 03 04
2025-08-08 16:53:53 ID=0x83 DATA=11 22 33 44 55 66 77 88
2025-08-08 16:53:53 ID=0x8d DATA=DE AD BE EF 01 02 03 04
2025-08-08 16:53:53 ID=0x146 DATA=99 88 77 66 55 44 33 22
2025-08-08 16:53:54 ID=0x83 DATA=11 22 33 44 55 66 77 88
2025-08-08 16:53:54 ID=0x8d DATA=DE AD BE EF 01 02 03 04
2025-08-08 16:53:54 ID=0x8d DATA=DE AD BE EF 01 02 03 04
2025-08-08 16:53:54 ID=0x24 DATA=F0 0F F0 0F AA BB CC DD
2025-08-08 16:53:54 ID=0x83 DATA=11 22 33 44 55 66 77 88
2025-08-08 16:53:54 ID=0x24 DATA=F0 0F F0 0F AA BB CC DD
2025-08-08 16:53:54 ID=0x18d DATA=01 23 45 67 89 AB CD EF
2025-08-08 16:53:54 ID=0x146 DATA=99 88 77 66 55 44 33 22
2025-08-08 16:53:54 ID=0x24 DATA=F0 0F F0 0F AA BB CC DD
2025-08-08 16:53:54 ID=0x8d DATA=DE AD BE EF 01 02 03 04
2025-08-08 16:53:55 ID=0x1a DATA=AA BB CC DD 10 20 30 40
2025-08-08 16:53:55 ID=0x24 DATA=F0 0F F0 0F AA BB CC DD
2025-08-08 16:53:55 ID=0x18d DATA=01 23 45 67 89 AB CD EF
2025-08-08 16:53:55 ID=0x146 DATA=99 88 77 66 55 44 33 22
2025-08-08 16:53:55 ID=0x83 DATA=11 22 33 44 55 66 77 88
2025-08-08 16:53:55 ID=0x1a DATA=AA BB CC DD 10 20 30 40
2025-08-08 16:53:55 ID=0x146 DATA=99 88 77 66 55 44 33 22
2025-08-08 16:53:55 ID=0x83 DATA=11 22 33 44 55 66 77 88
2025-08-08 16:53:55 ID=0x8d DATA=DE AD BE EF 01 02 03 04
2025-08-08 16:53:55 ID=0x1a DATA=AA BB CC DD 10 20 30 40
2025-08-08 16:53:56 ID=0x24 DATA=F0 0F F0 0F AA BB CC DD
2025-08-08 16:53:56 ID=0x8d DATA=DE AD BE EF 01 02 03 04
2025-08-08 16:53:56 ID=0x18d DATA=01 23 45 67 89 AB CD EF
2025-08-08 16:53:56 ID=0x146 DATA=99 88 77 66 55 44 33 22
2025-08-08 16:53:56 ID=0x18d DATA=01 23 45 67 89 AB CD EF
2025-08-08 16:53:56 ID=0x83 DATA=11 22 33 44 55 66 77 88
2025-08-08 16:53:56 ID=0x1a DATA=AA BB CC DD 10 20 30 40
2025-08-08 16:53:56 ID=0x146 DATA=99 88 77 66 55 44 33 22
2025-08-08 16:53:56 ID=0x83 DATA=11 22 33 44 55 66 77 88
2025-08-08 16:53:56 ID=0x24 DATA=F0 0F F0 0F AA BB CC DD
2025-08-08 16:53:57 ID=0x8d DATA=DE AD BE EF 01 02 03 04
2025-08-08 16:53:57 ID=0x18d DATA=01 23 45 67 89 AB CD EF
2025-08-08 16:53:57 ID=0x83 DATA=11 22 33 44 55 66 77 88
2025-08-08 16:53:57 ID=0x18d DATA=01 23 45 67 89 AB CD EF
2025-08-08 16:53:57 ID=0x83 DATA=11 22 33 44 55 66 77 88
2025-08-08 16:53:57 ID=0x24 DATA=F0 0F F0 0F AA BB CC DD
2025-08-08 16:53:57 ID=0x18d DATA=01 23 45 67 89 AB CD EF
2025-08-08 16:53:57 ID=0x146 DATA=99 88 77 66 55 44 33 22
2025-08-08 16:53:57 ID=0x83 DATA=11 22 33 44 55 66 77 88
2025-08-08 16:53:57 ID=0x24 DATA=F0 0F F0 0F AA BB CC DD
2025-08-08 16:53:58 ID=0x1a DATA=AA BB CC DD 10 20 30 40
2025-08-08 16:53:58 ID=0x18d DATA=01 23 45 67 89 AB CD EF
2025-08-08 16:53:58 ID=0x146 DATA=99 88 77 66 55 44 33 22
2025-08-08 16:53:58 ID=0x1a DATA=AA BB CC DD 10 20 30 40
2025-08-08 16:53:58 ID=0x1a DATA=AA BB CC DD 10 20 30 40
2025-08-08 16:53:58 ID=0x8d DATA=DE AD BE EF 01 02 03 04
2025-08-08 16:53:58 ID=0x24 DATA=F0 0F F0 0F AA BB CC DD
2025-08-08 16:53:58 ID=0x146 DATA=99 88 77 66 55 44 33 22
2025-08-08 16:53:58 ID=0x1a DATA=AA BB CC DD 10 20 30 40
2025-08-08 16:53:58 ID=0x1a DATA=AA BB CC DD 10 20 30 40
2025-08-08 16:53:59 ID=0x8d DATA=DE AD BE EF 01 02 03 04
2025-08-08 16:53:59 ID=0x1a DATA=AA BB CC DD 10 20 30 40
2025-08-08 16:53:59 ID=0x146 DATA=99 88 77 66 55 44 33 22
2025-08-08 16:53:59 ID=0x18d DATA=01 23 45 67 89 AB CD EF
2025-08-08 16:53:59 ID=0x8d DATA=DE AD BE EF 01 02 03 04
2025-08-08 16:53:59 ID=0x24 DATA=F0 0F F0 0F AA BB CC DD
2025-08-08 16:53:59 ID=0x18d DATA=01 23 45 67 89 AB CD EF
2025-08-08 16:53:59 ID=0x8d DATA=DE AD BE EF 01 02 03 04
2025-08-08 16:53:59 ID=0x1a DATA=AA BB CC DD 10 20 30 40
2025-08-08 16:54:00 ID=0x18d DATA=01 23 45 67 89 AB CD EF
2025-08-08 16:54:00 ID=0x18d DATA=01 23 45 67 89 AB CD EF
2025-08-08 16:54:00 ID=0x24 DATA=F0 0F F0 0F AA BB CC DD
2025-08-08 16:54:00 ID=0x24 DATA=F0 0F F0 0F AA BB CC DD
2025-08-08 16:54:00 ID=0x146 DATA=99 88 77 66 55 44 33 22
2025-08-08 16:54:00 ID=0x83 DATA=11 22 33 44 55 66 77 88
2025-08-08 16:54:00 ID=0x8d DATA=DE AD BE EF 01 02 03 04
2025-08-08 16:54:00 ID=0x146 DATA=99 88 77 66 55 44 33 22
2025-08-08 16:54:00 ID=0x1a DATA=AA BB CC DD 10 20 30 40
2025-08-08 16:54:00 ID=0x24 DATA=F0 0F F0 0F AA BB CC DD
2025-08-08 16:54:01 ID=0x18d DATA=01 23 45 67 89 AB CD EF
2025-08-08 16:54:01 ID=0x18d DATA=01 23 45 67 89 AB CD EF
2025-08-08 16:54:01 ID=0x146 DATA=99 88 77 66 55 44 33 22
2025-08-08 16:54:01 ID=0x83 DATA=11 22 33 44 55 66 77 88
2025-08-08 16:54:01 ID=0x24 DATA=F0 0F F0 0F AA BB CC DD
2025-08-08 16:54:01 ID=0x24 DATA=F0 0F F0 0F AA BB CC DD
2025-08-08 16:54:01 ID=0x24 DATA=F0 0F F0 0F AA BB CC DD
2025-08-08 16:54:01 ID=0x18d DATA=01 23 45 67 89 AB CD EF
2025-08-08 16:54:01 ID=0x1a DATA=AA BB CC DD 10 20 30 40
2025-08-08 16:54:01 ID=0x146 DATA=99 88 77 66 55 44 33 22
2025-08-08 16:54:02 ID=0x18d DATA=01 23 45 67 89 AB CD EF
2025-08-08 16:54:02 ID=0x8d DATA=DE AD BE EF 01 02 03 04
2025-08-08 16:54:02 ID=0x8d DATA=DE AD BE EF 01 02 03 04
2025-08-08 16:54:02 ID=0x1a DATA=AA BB CC DD 10 20 30 40
2025-08-08 16:54:02 ID=0x146 DATA=99 88 77 66 55 44 33 22
2025-08-08 16:54:02 ID=0x24 DATA=F0 0F F0 0F AA BB CC DD
2025-08-08 16:54:02 ID=0x146 DATA=99 88 77 66 55 44 33 22
2025-08-08 16:54:02 ID=0x83 DATA=11 22 33 44 55 66 77 88
2025-08-08 16:54:02 ID=0x1a DATA=AA BB CC DD 10 20 30 40
2025-08-08 16:54:02 ID=0x146 DATA=99 88 77 66 55 44 33 22
2025-08-08 16:54:03 ID=0x18d DATA=01 23 45 67 89 AB CD EF
2025-08-08 16:54:03 ID=0x1a DATA=AA BB CC DD 10 20 30 40
2025-08-08 16:54:03 ID=0x83 DATA=11 22 33 44 55 66 77 88
2025-08-08 16:54:03 ID=0x8d DATA=DE AD BE EF 01 02 03 04
2025-08-08 16:54:03 ID=0x18d DATA=01 23 45 67 89 AB CD EF
2025-08-08 16:54:03 ID=0x8d DATA=DE AD BE EF 01 02 03 04
2025-08-08 16:54:03 ID=0x1a DATA=AA BB CC DD 10 20 30 40
2025-08-08 16:54:03 ID=0x146 DATA=99 88 77 66 55 44 33 22
2025-08-08 16:54:03 ID=0x18d DATA=01 23 45 67 89 AB CD EF
2025-08-08 16:54:03 ID=0x146 DATA=99 88 77 66 55 44 33 22
2025-08-08 16:54:04 ID=0x24 DATA=F0 0F F0 0F AA BB CC DD
2025-08-08 16:54:04 ID=0x83 DATA=11 22 33 44 55 66 77 88
2025-08-08 16:54:04 ID=0x1a DATA=AA BB CC DD 10 20 30 40
2025-08-08 16:54:04 ID=0x18d DATA=01 23 45 67 89 AB CD EF
2025-08-08 16:54:04 ID=0x8d DATA=DE AD BE EF 01 02 03 04
2025-08-08 16:54:04 ID=0x83 DATA=11 22 33 44 55 66 77 88
2025-08-08 16:54:04 ID=0x18d DATA=01 23 45 67 89 AB CD EF
2025-08-08 16:54:04 ID=0x1a DATA=AA BB CC DD 10 20 30 40
2025-08-08 16:54:04 ID=0x18d DATA=01 23 45 67 89 AB CD EF
2025-08-08 16:54:04 ID=0x83 DATA=11 22 33 44 55 66 77 88
2025-08-08 16:54:05 ID=0x18d DATA=01 23 45 67 89 AB CD EF
2025-08-08 16:54:05 ID=0x8d DATA=DE AD BE EF 01 02 03 04
2025-08-08 16:54:05 ID=0x146 DATA=99 88 77 66 55 44 33 22
2025-08-08 16:54:05 ID=0x24 DATA=F0 0F F0 0F AA BB CC DD
2025-08-08 16:54:05 ID=0x18d DATA=01 23 45 67 89 AB CD EF
2025-08-08 16:54:05 ID=0x8d DATA=DE AD BE EF 01 02 03 04
2025-08-08 16:54:05 ID=0x146 DATA=99 88 77 66 55 44 33 22
2025-08-08 16:54:05 ID=0x83 DATA=11 22 33 44 55 66 77 88
2025-08-08 16:54:05 ID=0x83 DATA=11 22 33 44 55 66 77 88
2025-08-08 16:54:06 ID=0x83 DATA=11 22 33 44 55 66 77 88
2025-08-08 16:54:06 ID=0x24 DATA=F0 0F F0 0F AA BB CC DD
2025-08-08 16:54:06 ID=0x146 DATA=99 88 77 66 55 44 33 22
2025-08-08 16:54:06 ID=0x1a DATA=AA BB CC DD 10 20 30 40
2025-08-08 16:54:06 ID=0x83 DATA=11 22 33 44 55 66 77 88
2025-08-08 16:54:06 ID=0x18d DATA=01 23 45 67 89 AB CD EF
2025-08-08 16:54:06 ID=0x18d DATA=01 23 45 67 89 AB CD EF
2025-08-08 16:54:06 ID=0x8d DATA=DE AD BE EF 01 02 03 04
2025-08-08 16:54:06 ID=0x1a DATA=AA BB CC DD 10 20 30 40
2025-08-08 16:54:06 ID=0x1a DATA=AA BB CC DD 10 20 30 40
2025-08-08 16:54:07 ID=0x18d DATA=01 23 45 67 89 AB CD EF
2025-08-08 16:54:07 ID=0x1a DATA=AA BB CC DD 10 20 30 40
2025-08-08 16:54:07 ID=0x24 DATA=F0 0F F0 0F AA BB CC DD
2025-08-08 16:54:07 ID=0x146 DATA=99 88 77 66 55 44 33 22
2025-08-08 16:54:07 ID=0x18d DATA=01 23 45 67 89 AB CD EF
2025-08-08 16:54:07 ID=0x24 DATA=F0 0F F0 0F AA BB CC DD
2025-08-08 16:54:07 ID=0x1a DATA=AA BB CC DD 10 20 30 40
2025-08-08 16:54:07 ID=0x18d DATA=01 23 45 67 89 AB CD EF
2025-08-08 16:54:07 ID=0x24 DATA=F0 0F F0 0F AA BB CC DD
2025-08-08 16:54:07 ID=0x146 DATA=99 88 77 66 55 44 33 22
2025-08-08 16:54:08 ID=0x1a DATA=AA BB CC DD 10 20 30 40
2025-08-08 16:54:08 ID=0x1a DATA=AA BB CC DD 10 20 30 40
2025-08-08 16:54:08 ID=0x83 DATA=11 22 33 44 55 66 77 88
2025-08-08 16:54:08 ID=0x8d DATA=DE AD BE EF 01 02 03 04
2025-08-08 16:54:08 ID=0x146 DATA=99 88 77 66 55 44 33 22
2025-08-08 16:54:08 ID=0x83 DATA=11 22 33 44 55 66 77 88
2025-08-08 16:54:08 ID=0x1a DATA=AA BB CC DD 10 20 30 40
2025-08-08 16:54:08 ID=0x18d DATA=01 23 45 67 89 AB CD EF
2025-08-08 16:54:08 ID=0x83 DATA=11 22 33 44 55 66 77 88
2025-08-08 16:54:08 ID=0x18d DATA=01 23 45 67 89 AB CD EF
2025-08-08 16:54:09 ID=0x146 DATA=99 88 77 66 55 44 33 22
2025-08-08 16:54:09 ID=0x83 DATA=11 22 33 44 55 66 77 88
2025-08-08 16:54:09 ID=0x146 DATA=99 88 77 66 55 44 33 22
2025-08-08 16:54:09 ID=0x24 DATA=F0 0F F0 0F AA BB CC DD
2025-08-08 16:54:09 ID=0x8d DATA=DE AD BE EF 01 02 03 04
2025-08-08 16:54:09 ID=0x83 DATA=11 22 33 44 55 66 77 88
2025-08-08 16:54:09 ID=0x24 DATA=F0 0F F0 0F AA BB CC DD
2025-08-08 16:54:09 ID=0x146 DATA=99 88 77 66 55 44 33 22
2025-08-08 16:54:09 ID=0x1a DATA=AA BB CC DD 10 20 30 40
2025-08-08 16:54:09 ID=0x83 DATA=11 22 33 44 55 66 77 88
2025-08-08 16:54:10 ID=0x8d DATA=DE AD BE EF 01 02 03 04
2025-08-08 16:54:10 ID=0x1a DATA=AA BB CC DD 10 20 30 40
2025-08-08 16:54:10 ID=0x1a DATA=AA BB CC DD 10 20 30 40
2025-08-08 16:54:10 ID=0x146 DATA=99 88 77 66 55 44 33 22
2025-08-08 16:54:10 ID=0x24 DATA=F0 0F F0 0F AA BB CC DD
2025-08-08 16:54:10 ID=0x18d DATA=01 23 45 67 89 AB CD EF
2025-08-08 16:54:10 ID=0x83 DATA=11 22 33 44 55 66 77 88
2025-08-08 16:54:10 ID=0x146 DATA=99 88 77 66 55 44 33 22
2025-08-08 16:54:10 ID=0x24 DATA=F0 0F F0 0F AA BB CC DD
2025-08-08 16:54:10 ID=0x8d DATA=DE AD BE EF 01 02 03 04
2025-08-08 16:54:11 ID=0x146 DATA=99 88 77 66 55 44 33 22
2025-08-08 16:54:11 ID=0x8d DATA=DE AD BE EF 01 02 03 04
2025-08-08 16:54:11 ID=0x83 DATA=11 22 33 44 55 66 77 88
2025-08-08 16:54:11 ID=0x83 DATA=11 22 33 44 55 66 77 88
2025-08-08 16:54:11 ID=0x18d DATA=01 23 45 67 89 AB CD EF
2025-08-08 16:54:11 ID=0x18d DATA=01 23 45 67 89 AB CD EF
2025-08-08 16:54:11 ID=0x8d DATA=DE AD BE EF 01 02 03 04
2025-08-08 16:54:11 ID=0x146 DATA=99 88 77 66 55 44 33 22
2025-08-08 16:54:11 ID=0x8d DATA=DE AD BE EF 01 02 03 04
2025-08-08 16:54:11 ID=0x8d DATA=DE AD BE EF 01 02 03 04
2025-08-08 16:54:12 ID=0x24 DATA=F0 0F F0 0F AA BB CC DD
2025-08-08 16:54:12 ID=0x83 DATA=11 22 33 44 55 66 77 88
2025-08-08 16:54:12 ID=0x18d DATA=01 23 45 67 89 AB CD EF
2025-08-08 16:54:12 ID=0x24 DATA=F0 0F F0 0F AA BB CC DD
2025-08-08 16:54:12 ID=0x146 DATA=99 88 77 66 55 44 33 22
2025-08-08 16:54:12 ID=0x18d DATA=01 23 45 67 89 AB CD EF
2025-08-08 16:54:12 ID=0x83 DATA=11 22 33 44 55 66 77 88
2025-08-08 16:54:12 ID=0x24 DATA=F0 0F F0 0F AA BB CC DD
2025-08-08 16:54:12 ID=0x146 DATA=99 88 77 66 55 44 33 22
2025-08-08 16:54:13 ID=0x8d DATA=DE AD BE EF 01 02 03 04
2025-08-08 16:54:13 ID=0x146 DATA=99 88 77 66 55 44 33 22
2025-08-08 16:54:13 ID=0x24 DATA=F0 0F F0 0F AA BB CC DD
2025-08-08 16:54:13 ID=0x18d DATA=01 23 45 67 89 AB CD EF
2025-08-08 16:54:13 ID=0x1a DATA=AA BB CC DD 10 20 30 40
2025-08-08 16:54:13 ID=0x18d DATA=01 23 45 67 89 AB CD EF
2025-08-08 16:54:13 ID=0x146 DATA=99 88 77 66 55 44 33 22
2025-08-08 16:54:13 ID=0x83 DATA=11 22 33 44 55 66 77 88
2025-08-08 16:54:13 ID=0x8d DATA=DE AD BE EF 01 02 03 04
2025-08-08 16:54:13 ID=0x146 DATA=99 88 77 66 55 44 33 22
2025-08-08 16:54:14 ID=0x8d DATA=DE AD BE EF 01 02 03 04
2025-08-08 16:54:14 ID=0x83 DATA=11 22 33 44 55 66 77 88
2025-08-08 16:54:14 ID=0x24 DATA=F0 0F F0 0F AA BB CC DD
2025-08-08 16:54:14 ID=0x18d DATA=01 23 45 67 89 AB CD EF
2025-08-08 16:54:14 ID=0x18d DATA=01 23 45 67 89 AB CD EF
2025-08-08 16:54:14 ID=0x1a DATA=AA BB CC DD 10 20 30 40
2025-08-08 16:54:14 ID=0x83 DATA=11 22 33 44 55 66 77 88
2025-08-08 16:54:14 ID=0x8d DATA=DE AD BE EF 01 02 03 04
2025-08-08 16:54:14 ID=0x18d DATA=01 23 45 67 89 AB CD EF
2025-08-08 16:54:14 ID=0x24 DATA=F0 0F F0 0F AA BB CC DD
